2021-10-01 17:55:47,902 - discord.client - INFO - logging in using static token
2021-10-01 17:55:49,131 - discord.gateway - INFO - Shard ID None has sent the IDENTIFY payload.
2021-10-01 17:55:49,471 - discord.gateway - INFO - Shard ID None has connected to Gateway: ["gateway-prd-main-r9rq",{"micros":87805,"calls":["discord-sessions-green-prd-2-59",{"micros":86102,"calls":["start_session",{"micros":69329,"calls":["api-prd-main-2bqp",{"micros":28941,"calls":["get_user",{"micros":2550},"add_authorized_ip",{"micros":1420},"get_guilds",{"micros":4179},"coros_wait",{"micros":1}]}]},"guilds_connect",{"micros":2,"calls":[]},"presence_connect",{"micros":1,"calls":[]}]}]}] (Session ID: 857aeb508cd9f0f016441120e283dcab).
2021-10-01 18:06:50,092 - discord.gateway - INFO - Websocket closed with 1001, attempting a reconnect.
2021-10-01 18:06:50,093 - discord.client - INFO - Got a request to RESUME the websocket.
2021-10-01 18:06:54,061 - discord.gateway - INFO - Shard ID None has sent the RESUME payload.
2021-10-01 18:06:54,432 - discord.gateway - INFO - Shard ID None has successfully RESUMED session 857aeb508cd9f0f016441120e283dcab under trace ["gateway-prd-main-nb20",{"micros":2792,"calls":["discord-sessions-green-prd-2-59",{"micros":74}]}].
2021-10-01 18:54:57,484 - discord.client - INFO - logging in using static token
2021-10-01 18:54:58,785 - discord.gateway - INFO - Shard ID None has sent the IDENTIFY payload.
2021-10-01 18:54:59,118 - discord.gateway - INFO - Shard ID None has connected to Gateway: ["gateway-prd-main-6xrn",{"micros":182190,"calls":["discord-sessions-green-prd-2-132",{"micros":181444,"calls":["start_session",{"micros":151876,"calls":["api-prd-main-tchp",{"micros":141962,"calls":["get_user",{"micros":12739},"add_authorized_ip",{"micros":14076},"get_guilds",{"micros":24210},"coros_wait",{"micros":1}]}]},"guilds_connect",{"micros":2,"calls":[]},"presence_connect",{"micros":1,"calls":[]}]}]}] (Session ID: 3e148f1371152c2f24abb171445141ab).
2021-10-01 19:17:23,082 - discord.client - INFO - logging in using static token
2021-10-01 19:17:23,844 - discord.gateway - INFO - Shard ID None has sent the IDENTIFY payload.
2021-10-01 19:17:24,055 - discord.gateway - INFO - Shard ID None has connected to Gateway: ["gateway-prd-main-5s0b",{"micros":46563,"calls":["discord-sessions-green-prd-2-153",{"micros":45039,"calls":["start_session",{"micros":25512,"calls":["api-prd-main-3d9m",{"micros":22133,"calls":["get_user",{"micros":2472},"add_authorized_ip",{"micros":1277},"get_guilds",{"micros":3808},"coros_wait",{"micros":0}]}]},"guilds_connect",{"micros":2,"calls":[]},"presence_connect",{"micros":9572,"calls":[]}]}]}] (Session ID: a9c60c6dfaabda9b6ebba02230fe20f6).
2021-10-01 19:25:29,690 - discord.client - INFO - logging in using static token
2021-10-01 19:25:30,855 - discord.gateway - INFO - Shard ID None has sent the IDENTIFY payload.
2021-10-01 19:25:31,277 - discord.gateway - INFO - Shard ID None has connected to Gateway: ["gateway-prd-main-dhqd",{"micros":79992,"calls":["discord-sessions-green-prd-2-35",{"micros":78529,"calls":["start_session",{"micros":68712,"calls":["api-prd-main-hqnd",{"micros":65092,"calls":["get_user",{"micros":2832},"add_authorized_ip",{"micros":3946},"get_guilds",{"micros":8721},"coros_wait",{"micros":1}]}]},"guilds_connect",{"micros":1,"calls":[]},"presence_connect",{"micros":0,"calls":[]}]}]}] (Session ID: c425476c9a76bc057879a73bad93b9ab).
2021-10-01 19:58:26,606 - discord.client - INFO - logging in using static token
2021-10-01 19:58:27,339 - discord.gateway - INFO - Shard ID None has sent the IDENTIFY payload.
2021-10-01 19:58:27,594 - discord.gateway - INFO - Shard ID None has connected to Gateway: ["gateway-prd-main-2t3f",{"micros":95081,"calls":["discord-sessions-green-prd-2-161",{"micros":94156,"calls":["start_session",{"micros":50243,"calls":["api-prd-main-pfw7",{"micros":46602,"calls":["get_user",{"micros":5533},"add_authorized_ip",{"micros":1193},"get_guilds",{"micros":10192},"coros_wait",{"micros":1}]}]},"guilds_connect",{"micros":2,"calls":[]},"presence_connect",{"micros":25222,"calls":[]}]}]}] (Session ID: 5b622ae8a4e3fd786674f34c12d2afb9).
2021-10-01 20:48:28,294 - discord.client - INFO - Got a request to RESUME the websocket.
2021-10-01 20:48:28,723 - discord.gateway - INFO - Shard ID None has sent the RESUME payload.
2021-10-01 20:48:28,957 - discord.gateway - INFO - Shard ID None has successfully RESUMED session 5b622ae8a4e3fd786674f34c12d2afb9 under trace ["gateway-prd-main-8vbh",{"micros":4187,"calls":["discord-sessions-green-prd-2-161",{"micros":53}]}].
2021-10-01 21:11:44,679 - discord.client - INFO - logging in using static token
2021-10-01 21:11:45,469 - discord.gateway - INFO - Shard ID None has sent the IDENTIFY payload.
2021-10-01 21:11:45,721 - discord.gateway - INFO - Shard ID None has connected to Gateway: ["gateway-prd-main-9r13",{"micros":49453,"calls":["discord-sessions-green-prd-2-121",{"micros":48397,"calls":["start_session",{"micros":42840,"calls":["api-prd-main-6p7k",{"micros":39384,"calls":["get_user",{"micros":3030},"add_authorized_ip",{"micros":1181},"get_guilds",{"micros":17745},"coros_wait",{"micros":1}]}]},"guilds_connect",{"micros":1,"calls":[]},"presence_connect",{"micros":1,"calls":[]}]}]}] (Session ID: 66dac44b3408b71c0e01ba3550706ffd).
