2021-09-04 11:12:32,815 - Global MMS - WARNING - waiting for socket stop sending, for discord_bot
2021-09-04 11:12:32,847 - Global MMS - WARNING - waiting for socket stop sending, for discord_bot
2021-09-04 11:12:32,863 - Global MMS - WARNING - waiting for socket stop sending, for discord_bot
2021-09-04 11:12:32,879 - Global MMS - WARNING - waiting for socket stop sending, for discord_bot
2021-09-04 11:12:32,895 - Global MMS - WARNING - waiting for socket stop sending, for discord_bot
2021-09-04 11:12:32,911 - Global MMS - WARNING - waiting for socket stop sending, for discord_bot
2021-09-04 11:12:32,927 - Global MMS - WARNING - waiting for socket stop sending, for discord_bot
2021-09-04 11:12:32,943 - Global MMS - WARNING - waiting for socket stop sending, for discord_bot
2021-09-04 11:12:32,959 - Global MMS - WARNING - waiting for socket stop sending, for discord_bot
2021-09-04 11:12:32,974 - Global MMS - WARNING - waiting for socket stop sending, for discord_bot
2021-09-04 11:12:32,991 - Global MMS - WARNING - waiting for socket stop sending, for discord_bot
2021-09-04 11:12:33,021 - Global MMS - WARNING - waiting for socket stop sending, for discord_bot
2021-09-04 11:12:33,052 - Global MMS - WARNING - waiting for socket stop sending, for discord_bot
2021-09-04 11:12:33,068 - Global MMS - WARNING - waiting for socket stop sending, for discord_bot
2021-09-04 11:12:33,083 - Global MMS - WARNING - waiting for socket stop sending, for discord_bot
2021-09-04 11:12:33,098 - Global MMS - WARNING - waiting for socket stop sending, for discord_bot
2021-09-04 11:12:33,113 - Global MMS - WARNING - waiting for socket stop sending, for discord_bot
2021-09-04 11:12:33,129 - Global MMS - WARNING - waiting for socket stop sending, for discord_bot
2021-09-04 11:12:33,145 - Global MMS - WARNING - waiting for socket stop sending, for discord_bot
2021-09-04 11:12:33,161 - Global MMS - WARNING - waiting for socket stop sending, for discord_bot
2021-09-04 11:12:33,177 - Global MMS - WARNING - waiting for socket stop sending, for discord_bot
2021-09-04 11:12:33,193 - Global MMS - WARNING - waiting for socket stop sending, for discord_bot
2021-09-04 11:12:33,209 - Global MMS - WARNING - waiting for socket stop sending, for discord_bot
2021-09-04 11:12:33,225 - Global MMS - WARNING - waiting for socket stop sending, for discord_bot
2021-09-04 11:12:33,241 - Global MMS - WARNING - waiting for socket stop sending, for discord_bot
2021-09-04 11:12:33,257 - Global MMS - WARNING - waiting for socket stop sending, for discord_bot
2021-09-04 11:12:33,272 - Global MMS - WARNING - waiting for socket stop sending, for discord_bot
2021-09-04 11:12:33,288 - Global MMS - WARNING - waiting for socket stop sending, for discord_bot
2021-09-04 11:12:33,303 - Global MMS - WARNING - waiting for socket stop sending, for discord_bot
2021-09-04 11:12:33,319 - Global MMS - WARNING - waiting for socket stop sending, for discord_bot
2021-09-04 11:12:33,335 - Global MMS - WARNING - waiting for socket stop sending, for discord_bot
2021-09-04 11:12:33,351 - Global MMS - WARNING - waiting for socket stop sending, for discord_bot
2021-09-04 11:12:33,367 - Global MMS - WARNING - waiting for socket stop sending, for discord_bot
2021-09-04 11:12:33,383 - Global MMS - WARNING - waiting for socket stop sending, for discord_bot
2021-09-04 11:12:33,399 - Global MMS - WARNING - waiting for socket stop sending, for discord_bot
2021-09-04 11:12:33,415 - Global MMS - WARNING - waiting for socket stop sending, for discord_bot
2021-09-04 11:12:33,431 - Global MMS - WARNING - waiting for socket stop sending, for discord_bot
2021-09-04 11:12:33,447 - Global MMS - WARNING - waiting for socket stop sending, for discord_bot
2021-09-04 11:12:33,463 - Global MMS - WARNING - waiting for socket stop sending, for discord_bot
2021-09-04 11:12:33,479 - Global MMS - WARNING - waiting for socket stop sending, for discord_bot
2021-09-04 11:12:33,495 - Global MMS - WARNING - waiting for socket stop sending, for discord_bot
2021-09-04 11:12:33,511 - Global MMS - WARNING - waiting for socket stop sending, for discord_bot
2021-09-04 11:12:33,527 - Global MMS - WARNING - waiting for socket stop sending, for discord_bot
2021-09-04 11:12:33,543 - Global MMS - WARNING - waiting for socket stop sending, for discord_bot
2021-09-04 11:12:33,559 - Global MMS - WARNING - waiting for socket stop sending, for discord_bot
2021-09-04 11:12:33,575 - Global MMS - WARNING - waiting for socket stop sending, for discord_bot
2021-09-04 11:12:33,591 - Global MMS - WARNING - waiting for socket stop sending, for discord_bot
2021-09-04 11:12:33,607 - Global MMS - WARNING - waiting for socket stop sending, for discord_bot
2021-09-04 11:12:33,623 - Global MMS - WARNING - waiting for socket stop sending, for discord_bot
2021-09-04 11:12:33,639 - Global MMS - WARNING - waiting for socket stop sending, for discord_bot
2021-09-04 11:12:33,655 - Global MMS - WARNING - waiting for socket stop sending, for discord_bot
2021-09-04 11:12:33,671 - Global MMS - WARNING - waiting for socket stop sending, for discord_bot
2021-09-04 11:12:33,687 - Global MMS - WARNING - waiting for socket stop sending, for discord_bot
2021-09-04 11:12:33,703 - Global MMS - WARNING - waiting for socket stop sending, for discord_bot
2021-09-04 11:12:33,719 - Global MMS - WARNING - waiting for socket stop sending, for discord_bot
2021-09-04 11:12:33,735 - Global MMS - WARNING - waiting for socket stop sending, for discord_bot
2021-09-04 11:12:33,751 - Global MMS - WARNING - waiting for socket stop sending, for discord_bot
2021-09-04 11:12:33,767 - Global MMS - WARNING - waiting for socket stop sending, for discord_bot
2021-09-04 11:12:33,782 - Global MMS - WARNING - waiting for socket stop sending, for discord_bot
2021-09-04 11:12:33,797 - Global MMS - WARNING - waiting for socket stop sending, for discord_bot
2021-09-04 11:12:33,812 - Global MMS - WARNING - waiting for socket stop sending, for discord_bot
2021-09-04 11:12:33,827 - Global MMS - WARNING - waiting for socket stop sending, for discord_bot
2021-09-04 11:12:33,843 - Global MMS - WARNING - waiting for socket stop sending, for discord_bot
2021-09-04 11:12:33,859 - Global MMS - WARNING - waiting for socket stop sending, for discord_bot
2021-09-04 11:12:33,875 - Global MMS - WARNING - waiting for socket stop sending, for discord_bot
2021-09-04 11:12:33,891 - Global MMS - WARNING - waiting for socket stop sending, for discord_bot
2021-09-04 11:12:33,907 - Global MMS - WARNING - waiting for socket stop sending, for discord_bot
2021-09-04 11:12:33,923 - Global MMS - WARNING - waiting for socket stop sending, for discord_bot
2021-09-04 11:12:33,939 - Global MMS - WARNING - waiting for socket stop sending, for discord_bot
2021-09-04 11:12:33,955 - Global MMS - WARNING - waiting for socket stop sending, for discord_bot
2021-09-04 11:12:33,971 - Global MMS - WARNING - waiting for socket stop sending, for discord_bot
2021-09-04 11:12:33,987 - Global MMS - WARNING - waiting for socket stop sending, for discord_bot
2021-09-04 11:12:34,003 - Global MMS - WARNING - waiting for socket stop sending, for discord_bot
2021-09-04 11:12:34,018 - Global MMS - WARNING - waiting for socket stop sending, for discord_bot
2021-09-04 11:12:34,034 - Global MMS - WARNING - waiting for socket stop sending, for discord_bot
2021-09-04 11:12:34,049 - Global MMS - WARNING - waiting for socket stop sending, for discord_bot
2021-09-04 11:12:34,081 - Global MMS - WARNING - waiting for socket stop sending, for discord_bot
2021-09-04 11:12:34,097 - Global MMS - WARNING - waiting for socket stop sending, for discord_bot
2021-09-04 11:12:34,113 - Global MMS - WARNING - waiting for socket stop sending, for discord_bot
2021-09-04 11:12:34,129 - Global MMS - WARNING - waiting for socket stop sending, for discord_bot
2021-09-04 11:12:34,161 - Global MMS - WARNING - waiting for socket stop sending, for discord_bot
2021-09-04 11:12:34,177 - Global MMS - WARNING - waiting for socket stop sending, for discord_bot
2021-09-04 11:12:34,193 - Global MMS - WARNING - waiting for socket stop sending, for discord_bot
2021-09-04 11:12:34,209 - Global MMS - WARNING - waiting for socket stop sending, for discord_bot
2021-09-04 11:12:34,225 - Global MMS - WARNING - waiting for socket stop sending, for discord_bot
2021-09-04 11:12:34,241 - Global MMS - WARNING - waiting for socket stop sending, for discord_bot
2021-09-04 11:12:34,257 - Global MMS - WARNING - waiting for socket stop sending, for discord_bot
2021-09-04 11:12:34,273 - Global MMS - WARNING - waiting for socket stop sending, for discord_bot
2021-09-04 11:12:34,289 - Global MMS - WARNING - waiting for socket stop sending, for discord_bot
2021-09-04 11:12:34,305 - Global MMS - WARNING - waiting for socket stop sending, for discord_bot
2021-09-04 11:12:34,433 - Global MMS - WARNING - waiting for socket stop sending, for discord_bot
2021-09-04 11:12:34,449 - Global MMS - WARNING - waiting for socket stop sending, for discord_bot
2021-09-04 11:12:34,465 - Global MMS - WARNING - waiting for socket stop sending, for discord_bot
2021-09-04 11:12:34,481 - Global MMS - WARNING - waiting for socket stop sending, for discord_bot
2021-09-04 11:12:34,497 - Global MMS - WARNING - waiting for socket stop sending, for discord_bot
2021-09-04 11:12:34,513 - Global MMS - WARNING - waiting for socket stop sending, for discord_bot
2021-09-04 11:12:34,529 - Global MMS - WARNING - waiting for socket stop sending, for discord_bot
2021-09-04 11:12:34,545 - Global MMS - WARNING - waiting for socket stop sending, for discord_bot
2021-09-04 11:12:34,561 - Global MMS - WARNING - waiting for socket stop sending, for discord_bot
2021-09-04 11:12:34,577 - Global MMS - WARNING - waiting for socket stop sending, for discord_bot
2021-09-04 11:12:34,593 - Global MMS - WARNING - waiting for socket stop sending, for discord_bot
2021-09-04 11:12:34,609 - Global MMS - WARNING - waiting for socket stop sending, for discord_bot
2021-09-04 11:12:34,624 - Global MMS - WARNING - waiting for socket stop sending, for discord_bot
2021-09-04 11:12:34,639 - Global MMS - WARNING - waiting for socket stop sending, for discord_bot
2021-09-04 11:12:34,655 - Global MMS - WARNING - waiting for socket stop sending, for discord_bot
2021-09-04 11:12:34,670 - Global MMS - WARNING - waiting for socket stop sending, for discord_bot
2021-09-04 11:12:34,685 - Global MMS - WARNING - waiting for socket stop sending, for discord_bot
2021-09-04 11:12:34,700 - Global MMS - WARNING - waiting for socket stop sending, for discord_bot
2021-09-04 11:12:34,716 - Global MMS - WARNING - waiting for socket stop sending, for discord_bot
2021-09-04 11:12:34,731 - Global MMS - WARNING - waiting for socket stop sending, for discord_bot
2021-09-04 11:12:34,747 - Global MMS - WARNING - waiting for socket stop sending, for discord_bot
2021-09-04 11:12:34,763 - Global MMS - WARNING - waiting for socket stop sending, for discord_bot
2021-09-04 11:12:34,779 - Global MMS - WARNING - waiting for socket stop sending, for discord_bot
2021-09-04 11:12:34,795 - Global MMS - WARNING - waiting for socket stop sending, for discord_bot
2021-09-04 11:12:34,811 - Global MMS - WARNING - waiting for socket stop sending, for discord_bot
2021-09-04 11:12:34,826 - Global MMS - WARNING - waiting for socket stop sending, for discord_bot
2021-09-04 11:12:34,856 - Global MMS - WARNING - waiting for socket stop sending, for discord_bot
2021-09-04 11:12:34,871 - Global MMS - WARNING - waiting for socket stop sending, for discord_bot
2021-09-04 11:12:34,887 - Global MMS - WARNING - waiting for socket stop sending, for discord_bot
2021-09-04 11:12:34,903 - Global MMS - WARNING - waiting for socket stop sending, for discord_bot
2021-09-04 11:12:34,919 - Global MMS - WARNING - waiting for socket stop sending, for discord_bot
2021-09-04 11:12:34,935 - Global MMS - WARNING - waiting for socket stop sending, for discord_bot
2021-09-04 11:12:34,951 - Global MMS - WARNING - waiting for socket stop sending, for discord_bot
2021-09-04 11:12:34,966 - Global MMS - WARNING - waiting for socket stop sending, for discord_bot
2021-09-04 11:12:34,982 - Global MMS - WARNING - waiting for socket stop sending, for discord_bot
2021-09-04 11:12:34,997 - Global MMS - WARNING - waiting for socket stop sending, for discord_bot
2021-09-04 11:12:35,013 - Global MMS - WARNING - waiting for socket stop sending, for discord_bot
2021-09-04 11:12:35,029 - Global MMS - WARNING - waiting for socket stop sending, for discord_bot
2021-09-04 11:12:35,045 - Global MMS - WARNING - waiting for socket stop sending, for discord_bot
2021-09-04 11:12:35,061 - Global MMS - WARNING - waiting for socket stop sending, for discord_bot
2021-09-04 11:12:35,076 - Global MMS - WARNING - waiting for socket stop sending, for discord_bot
2021-09-04 11:12:35,092 - Global MMS - WARNING - waiting for socket stop sending, for discord_bot
2021-09-04 11:12:35,107 - Global MMS - WARNING - waiting for socket stop sending, for discord_bot
2021-09-04 11:12:35,123 - Global MMS - WARNING - waiting for socket stop sending, for discord_bot
2021-09-04 11:12:35,139 - Global MMS - WARNING - waiting for socket stop sending, for discord_bot
2021-09-04 11:12:35,155 - Global MMS - WARNING - waiting for socket stop sending, for discord_bot
2021-09-04 11:12:35,171 - Global MMS - WARNING - waiting for socket stop sending, for discord_bot
2021-09-04 11:12:35,187 - Global MMS - WARNING - waiting for socket stop sending, for discord_bot
2021-09-04 11:12:35,203 - Global MMS - WARNING - waiting for socket stop sending, for discord_bot
2021-09-04 11:12:35,219 - Global MMS - WARNING - waiting for socket stop sending, for discord_bot
2021-09-04 11:12:35,235 - Global MMS - WARNING - waiting for socket stop sending, for discord_bot
2021-09-04 11:12:35,251 - Global MMS - WARNING - waiting for socket stop sending, for discord_bot
2021-09-04 11:12:35,267 - Global MMS - WARNING - waiting for socket stop sending, for discord_bot
2021-09-04 11:12:35,284 - Global MMS - WARNING - waiting for socket stop sending, for discord_bot
2021-09-04 11:12:35,300 - Global MMS - WARNING - waiting for socket stop sending, for discord_bot
2021-09-04 11:12:35,316 - Global MMS - WARNING - waiting for socket stop sending, for discord_bot
2021-09-04 11:12:35,332 - Global MMS - WARNING - waiting for socket stop sending, for discord_bot
2021-09-04 11:12:35,348 - Global MMS - WARNING - waiting for socket stop sending, for discord_bot
2021-09-04 11:12:35,364 - Global MMS - WARNING - waiting for socket stop sending, for discord_bot
2021-09-04 11:12:35,380 - Global MMS - WARNING - waiting for socket stop sending, for discord_bot
2021-09-04 11:12:35,396 - Global MMS - WARNING - waiting for socket stop sending, for discord_bot
2021-09-04 11:12:35,412 - Global MMS - WARNING - waiting for socket stop sending, for discord_bot
2021-09-04 11:12:35,428 - Global MMS - WARNING - waiting for socket stop sending, for discord_bot
2021-09-04 11:12:35,444 - Global MMS - WARNING - waiting for socket stop sending, for discord_bot
2021-09-04 11:12:35,459 - Global MMS - WARNING - waiting for socket stop sending, for discord_bot
2021-09-04 11:12:35,474 - Global MMS - WARNING - waiting for socket stop sending, for discord_bot
2021-09-04 11:12:35,489 - Global MMS - WARNING - waiting for socket stop sending, for discord_bot
2021-09-04 11:12:35,505 - Global MMS - WARNING - waiting for socket stop sending, for discord_bot
2021-09-04 11:12:35,520 - Global MMS - WARNING - waiting for socket stop sending, for discord_bot
2021-09-04 11:12:35,536 - Global MMS - WARNING - waiting for socket stop sending, for discord_bot
2021-09-04 11:12:35,552 - Global MMS - WARNING - waiting for socket stop sending, for discord_bot
2021-09-04 11:12:35,568 - Global MMS - WARNING - waiting for socket stop sending, for discord_bot
2021-09-04 11:12:35,584 - Global MMS - WARNING - waiting for socket stop sending, for discord_bot
2021-09-04 11:12:35,600 - Global MMS - WARNING - waiting for socket stop sending, for discord_bot
2021-09-04 11:12:35,616 - Global MMS - WARNING - waiting for socket stop sending, for discord_bot
2021-09-04 11:12:35,632 - Global MMS - WARNING - waiting for socket stop sending, for discord_bot
2021-09-04 11:12:35,648 - Global MMS - WARNING - waiting for socket stop sending, for discord_bot
2021-09-04 11:12:35,664 - Global MMS - WARNING - waiting for socket stop sending, for discord_bot
2021-09-04 11:12:35,680 - Global MMS - WARNING - waiting for socket stop sending, for discord_bot
2021-09-04 11:12:35,696 - Global MMS - WARNING - waiting for socket stop sending, for discord_bot
2021-09-04 11:12:35,712 - Global MMS - WARNING - waiting for socket stop sending, for discord_bot
2021-09-04 11:12:35,728 - Global MMS - WARNING - waiting for socket stop sending, for discord_bot
2021-09-04 11:12:35,744 - Global MMS - WARNING - waiting for socket stop sending, for discord_bot
2021-09-04 11:12:35,760 - Global MMS - WARNING - waiting for socket stop sending, for discord_bot
2021-09-04 11:12:35,775 - Global MMS - WARNING - waiting for socket stop sending, for discord_bot
2021-09-04 11:12:35,790 - Global MMS - WARNING - waiting for socket stop sending, for discord_bot
2021-09-04 11:12:35,806 - Global MMS - WARNING - waiting for socket stop sending, for discord_bot
2021-09-04 11:12:35,822 - Global MMS - WARNING - waiting for socket stop sending, for discord_bot
2021-09-04 11:12:35,838 - Global MMS - WARNING - waiting for socket stop sending, for discord_bot
2021-09-04 11:12:35,854 - Global MMS - WARNING - waiting for socket stop sending, for discord_bot
2021-09-04 11:12:35,870 - Global MMS - WARNING - waiting for socket stop sending, for discord_bot
2021-09-04 11:12:35,886 - Global MMS - WARNING - waiting for socket stop sending, for discord_bot
2021-09-04 11:12:35,902 - Global MMS - WARNING - waiting for socket stop sending, for discord_bot
2021-09-04 11:12:35,917 - Global MMS - WARNING - waiting for socket stop sending, for discord_bot
2021-09-04 11:12:35,932 - Global MMS - WARNING - waiting for socket stop sending, for discord_bot
2021-09-04 11:12:35,947 - Global MMS - WARNING - waiting for socket stop sending, for discord_bot
2021-09-04 11:12:35,963 - Global MMS - WARNING - waiting for socket stop sending, for discord_bot
2021-09-04 11:12:35,978 - Global MMS - WARNING - waiting for socket stop sending, for discord_bot
2021-09-04 11:12:35,994 - Global MMS - WARNING - waiting for socket stop sending, for discord_bot
2021-09-04 11:12:36,010 - Global MMS - WARNING - waiting for socket stop sending, for discord_bot
2021-09-04 11:12:36,026 - Global MMS - WARNING - waiting for socket stop sending, for discord_bot
2021-09-04 11:12:36,042 - Global MMS - WARNING - waiting for socket stop sending, for discord_bot
2021-09-04 11:12:36,058 - Global MMS - WARNING - waiting for socket stop sending, for discord_bot
2021-09-04 11:12:36,073 - Global MMS - WARNING - waiting for socket stop sending, for discord_bot
2021-09-04 11:12:36,088 - Global MMS - WARNING - waiting for socket stop sending, for discord_bot
2021-09-04 11:12:36,104 - Global MMS - WARNING - waiting for socket stop sending, for discord_bot
2021-09-04 11:12:36,120 - Global MMS - WARNING - waiting for socket stop sending, for discord_bot
2021-09-04 11:12:36,136 - Global MMS - WARNING - waiting for socket stop sending, for discord_bot
2021-09-04 11:12:36,152 - Global MMS - WARNING - waiting for socket stop sending, for discord_bot
2021-09-04 11:12:36,168 - Global MMS - WARNING - waiting for socket stop sending, for discord_bot
2021-09-04 11:12:36,184 - Global MMS - WARNING - waiting for socket stop sending, for discord_bot
2021-09-04 11:12:36,200 - Global MMS - WARNING - waiting for socket stop sending, for discord_bot
2021-09-04 11:12:36,216 - Global MMS - WARNING - waiting for socket stop sending, for discord_bot
2021-09-04 11:12:36,232 - Global MMS - WARNING - waiting for socket stop sending, for discord_bot
2021-09-04 11:12:36,248 - Global MMS - WARNING - waiting for socket stop sending, for discord_bot
2021-09-04 11:12:36,264 - Global MMS - WARNING - waiting for socket stop sending, for discord_bot
2021-09-04 11:12:36,280 - Global MMS - WARNING - waiting for socket stop sending, for discord_bot
2021-09-04 11:12:36,296 - Global MMS - WARNING - waiting for socket stop sending, for discord_bot
2021-09-04 11:12:36,312 - Global MMS - WARNING - waiting for socket stop sending, for discord_bot
2021-09-04 11:12:36,328 - Global MMS - WARNING - waiting for socket stop sending, for discord_bot
2021-09-04 11:12:36,344 - Global MMS - WARNING - waiting for socket stop sending, for discord_bot
2021-09-04 11:12:36,360 - Global MMS - WARNING - waiting for socket stop sending, for discord_bot
2021-09-04 11:12:36,376 - Global MMS - WARNING - waiting for socket stop sending, for discord_bot
2021-09-04 11:12:36,392 - Global MMS - WARNING - waiting for socket stop sending, for discord_bot
2021-09-04 11:12:36,407 - Global MMS - WARNING - waiting for socket stop sending, for discord_bot
2021-09-04 11:12:36,422 - Global MMS - WARNING - waiting for socket stop sending, for discord_bot
2021-09-04 11:12:36,437 - Global MMS - WARNING - waiting for socket stop sending, for discord_bot
2021-09-04 11:12:36,453 - Global MMS - WARNING - waiting for socket stop sending, for discord_bot
2021-09-04 11:12:36,468 - Global MMS - WARNING - waiting for socket stop sending, for discord_bot
2021-09-04 11:12:36,484 - Global MMS - WARNING - waiting for socket stop sending, for discord_bot
2021-09-04 11:12:36,499 - Global MMS - WARNING - waiting for socket stop sending, for discord_bot
2021-09-04 11:12:36,514 - Global MMS - WARNING - waiting for socket stop sending, for discord_bot
2021-09-04 11:12:36,530 - Global MMS - WARNING - waiting for socket stop sending, for discord_bot
2021-09-04 11:12:36,546 - Global MMS - WARNING - waiting for socket stop sending, for discord_bot
2021-09-04 11:12:36,562 - Global MMS - WARNING - waiting for socket stop sending, for discord_bot
2021-09-04 11:12:36,578 - Global MMS - WARNING - waiting for socket stop sending, for discord_bot
2021-09-04 11:12:36,594 - Global MMS - WARNING - waiting for socket stop sending, for discord_bot
2021-09-04 11:12:36,609 - Global MMS - WARNING - waiting for socket stop sending, for discord_bot
2021-09-04 11:12:36,624 - Global MMS - WARNING - waiting for socket stop sending, for discord_bot
2021-09-04 11:12:36,639 - Global MMS - WARNING - waiting for socket stop sending, for discord_bot
2021-09-04 11:12:36,655 - Global MMS - WARNING - waiting for socket stop sending, for discord_bot
2021-09-04 11:12:36,670 - Global MMS - WARNING - waiting for socket stop sending, for discord_bot
2021-09-04 11:12:36,686 - Global MMS - WARNING - waiting for socket stop sending, for discord_bot
2021-09-04 11:12:36,702 - Global MMS - WARNING - waiting for socket stop sending, for discord_bot
2021-09-04 11:12:36,718 - Global MMS - WARNING - waiting for socket stop sending, for discord_bot
2021-09-04 11:12:36,734 - Global MMS - WARNING - waiting for socket stop sending, for discord_bot
2021-09-04 11:12:36,750 - Global MMS - WARNING - waiting for socket stop sending, for discord_bot
2021-09-04 11:12:36,766 - Global MMS - WARNING - waiting for socket stop sending, for discord_bot
2021-09-04 11:12:36,782 - Global MMS - WARNING - waiting for socket stop sending, for discord_bot
2021-09-04 11:12:36,798 - Global MMS - WARNING - waiting for socket stop sending, for discord_bot
2021-09-04 11:12:36,813 - Global MMS - WARNING - waiting for socket stop sending, for discord_bot
2021-09-04 11:12:36,829 - Global MMS - WARNING - waiting for socket stop sending, for discord_bot
2021-09-04 11:12:36,844 - Global MMS - WARNING - waiting for socket stop sending, for discord_bot
2021-09-04 11:12:36,860 - Global MMS - WARNING - waiting for socket stop sending, for discord_bot
2021-09-04 11:12:36,876 - Global MMS - WARNING - waiting for socket stop sending, for discord_bot
2021-09-04 11:12:36,892 - Global MMS - WARNING - waiting for socket stop sending, for discord_bot
2021-09-04 11:12:36,908 - Global MMS - WARNING - waiting for socket stop sending, for discord_bot
2021-09-04 11:12:36,924 - Global MMS - WARNING - waiting for socket stop sending, for discord_bot
2021-09-04 11:12:36,940 - Global MMS - WARNING - waiting for socket stop sending, for discord_bot
2021-09-04 11:12:36,956 - Global MMS - WARNING - waiting for socket stop sending, for discord_bot
2021-09-04 11:12:36,972 - Global MMS - WARNING - waiting for socket stop sending, for discord_bot
2021-09-04 11:12:36,988 - Global MMS - WARNING - waiting for socket stop sending, for discord_bot
2021-09-04 11:12:37,004 - Global MMS - WARNING - waiting for socket stop sending, for discord_bot
2021-09-04 11:12:37,020 - Global MMS - WARNING - waiting for socket stop sending, for discord_bot
2021-09-04 11:12:37,036 - Global MMS - WARNING - waiting for socket stop sending, for discord_bot
2021-09-04 11:12:37,052 - Global MMS - WARNING - waiting for socket stop sending, for discord_bot
2021-09-04 11:12:37,068 - Global MMS - WARNING - waiting for socket stop sending, for discord_bot
2021-09-04 11:12:37,084 - Global MMS - WARNING - waiting for socket stop sending, for discord_bot
2021-09-04 11:12:37,100 - Global MMS - WARNING - waiting for socket stop sending, for discord_bot
2021-09-04 11:12:37,116 - Global MMS - WARNING - waiting for socket stop sending, for discord_bot
2021-09-04 11:12:37,132 - Global MMS - WARNING - waiting for socket stop sending, for discord_bot
2021-09-04 11:12:37,148 - Global MMS - WARNING - waiting for socket stop sending, for discord_bot
2021-09-04 11:12:37,164 - Global MMS - WARNING - waiting for socket stop sending, for discord_bot
2021-09-04 11:12:37,180 - Global MMS - WARNING - waiting for socket stop sending, for discord_bot
2021-09-04 11:12:37,196 - Global MMS - WARNING - waiting for socket stop sending, for discord_bot
2021-09-04 11:12:37,212 - Global MMS - WARNING - waiting for socket stop sending, for discord_bot
2021-09-04 11:12:37,228 - Global MMS - WARNING - waiting for socket stop sending, for discord_bot
2021-09-04 11:12:37,244 - Global MMS - WARNING - waiting for socket stop sending, for discord_bot
2021-09-04 11:12:37,260 - Global MMS - WARNING - waiting for socket stop sending, for discord_bot
2021-09-04 11:12:37,276 - Global MMS - WARNING - waiting for socket stop sending, for discord_bot
2021-09-04 11:12:37,292 - Global MMS - WARNING - waiting for socket stop sending, for discord_bot
2021-09-04 11:12:37,307 - Global MMS - WARNING - waiting for socket stop sending, for discord_bot
2021-09-04 11:12:37,323 - Global MMS - WARNING - waiting for socket stop sending, for discord_bot
2021-09-04 11:12:37,338 - Global MMS - WARNING - waiting for socket stop sending, for discord_bot
2021-09-04 11:12:37,353 - Global MMS - WARNING - waiting for socket stop sending, for discord_bot
2021-09-04 11:12:37,369 - Global MMS - WARNING - waiting for socket stop sending, for discord_bot
2021-09-04 11:12:37,384 - Global MMS - WARNING - waiting for socket stop sending, for discord_bot
2021-09-04 11:12:37,400 - Global MMS - WARNING - waiting for socket stop sending, for discord_bot
2021-09-04 11:12:37,416 - Global MMS - WARNING - waiting for socket stop sending, for discord_bot
2021-09-04 11:12:37,432 - Global MMS - WARNING - waiting for socket stop sending, for discord_bot
2021-09-04 11:12:37,448 - Global MMS - WARNING - waiting for socket stop sending, for discord_bot
2021-09-04 11:12:37,464 - Global MMS - WARNING - waiting for socket stop sending, for discord_bot
2021-09-04 11:12:37,480 - Global MMS - WARNING - waiting for socket stop sending, for discord_bot
2021-09-04 11:12:37,496 - Global MMS - WARNING - waiting for socket stop sending, for discord_bot
2021-09-04 11:12:37,512 - Global MMS - WARNING - waiting for socket stop sending, for discord_bot
2021-09-04 11:12:37,528 - Global MMS - WARNING - waiting for socket stop sending, for discord_bot
2021-09-04 11:12:37,544 - Global MMS - WARNING - waiting for socket stop sending, for discord_bot
2021-09-04 11:12:37,560 - Global MMS - WARNING - waiting for socket stop sending, for discord_bot
2021-09-04 11:12:37,576 - Global MMS - WARNING - waiting for socket stop sending, for discord_bot
2021-09-04 11:12:37,591 - Global MMS - WARNING - waiting for socket stop sending, for discord_bot
2021-09-04 11:12:37,607 - Global MMS - WARNING - waiting for socket stop sending, for discord_bot
2021-09-04 11:12:37,622 - Global MMS - WARNING - waiting for socket stop sending, for discord_bot
2021-09-04 11:12:37,638 - Global MMS - WARNING - waiting for socket stop sending, for discord_bot
2021-09-04 11:12:37,653 - Global MMS - WARNING - waiting for socket stop sending, for discord_bot
2021-09-04 11:12:37,668 - Global MMS - WARNING - waiting for socket stop sending, for discord_bot
2021-09-04 11:12:37,684 - Global MMS - WARNING - waiting for socket stop sending, for discord_bot
2021-09-04 11:12:37,700 - Global MMS - WARNING - waiting for socket stop sending, for discord_bot
2021-09-04 11:12:37,716 - Global MMS - WARNING - waiting for socket stop sending, for discord_bot
2021-09-04 11:12:37,731 - Global MMS - WARNING - waiting for socket stop sending, for discord_bot
2021-09-04 11:12:37,746 - Global MMS - WARNING - waiting for socket stop sending, for discord_bot
2021-09-04 11:12:37,761 - Global MMS - WARNING - waiting for socket stop sending, for discord_bot
2021-09-04 11:12:37,777 - Global MMS - WARNING - waiting for socket stop sending, for discord_bot
2021-09-04 11:12:37,792 - Global MMS - WARNING - waiting for socket stop sending, for discord_bot
2021-09-04 11:12:37,808 - Global MMS - WARNING - waiting for socket stop sending, for discord_bot
2021-09-04 11:12:37,824 - Global MMS - WARNING - waiting for socket stop sending, for discord_bot
2021-09-04 11:12:37,840 - Global MMS - WARNING - waiting for socket stop sending, for discord_bot
2021-09-04 11:12:37,856 - Global MMS - WARNING - waiting for socket stop sending, for discord_bot
2021-09-04 11:12:37,872 - Global MMS - WARNING - waiting for socket stop sending, for discord_bot
2021-09-04 11:12:37,888 - Global MMS - WARNING - waiting for socket stop sending, for discord_bot
2021-09-04 11:12:37,904 - Global MMS - WARNING - waiting for socket stop sending, for discord_bot
2021-09-04 11:12:37,920 - Global MMS - WARNING - waiting for socket stop sending, for discord_bot
2021-09-04 11:12:37,936 - Global MMS - WARNING - waiting for socket stop sending, for discord_bot
2021-09-04 11:12:37,952 - Global MMS - WARNING - waiting for socket stop sending, for discord_bot
2021-09-04 11:12:37,968 - Global MMS - WARNING - waiting for socket stop sending, for discord_bot
2021-09-04 11:12:37,984 - Global MMS - WARNING - waiting for socket stop sending, for discord_bot
2021-09-04 11:12:38,000 - Global MMS - WARNING - waiting for socket stop sending, for discord_bot
2021-09-04 11:12:38,016 - Global MMS - WARNING - waiting for socket stop sending, for discord_bot
2021-09-04 11:12:38,031 - Global MMS - WARNING - waiting for socket stop sending, for discord_bot
2021-09-04 11:12:38,047 - Global MMS - WARNING - waiting for socket stop sending, for discord_bot
2021-09-04 11:12:38,062 - Global MMS - WARNING - waiting for socket stop sending, for discord_bot
2021-09-04 11:12:38,078 - Global MMS - WARNING - waiting for socket stop sending, for discord_bot
2021-09-04 11:12:38,095 - Global MMS - WARNING - waiting for socket stop sending, for discord_bot
2021-09-04 11:12:38,111 - Global MMS - WARNING - waiting for socket stop sending, for discord_bot
2021-09-04 11:12:38,126 - Global MMS - WARNING - waiting for socket stop sending, for discord_bot
2021-09-04 11:12:38,142 - Global MMS - WARNING - waiting for socket stop sending, for discord_bot
2021-09-04 11:12:38,157 - Global MMS - WARNING - waiting for socket stop sending, for discord_bot
2021-09-04 11:12:38,172 - Global MMS - WARNING - waiting for socket stop sending, for discord_bot
2021-09-04 11:12:38,187 - Global MMS - WARNING - waiting for socket stop sending, for discord_bot
2021-09-04 11:12:38,203 - Global MMS - WARNING - waiting for socket stop sending, for discord_bot
2021-09-04 11:12:38,218 - Global MMS - WARNING - waiting for socket stop sending, for discord_bot
2021-09-04 11:12:38,234 - Global MMS - WARNING - waiting for socket stop sending, for discord_bot
2021-09-04 11:12:38,250 - Global MMS - WARNING - waiting for socket stop sending, for discord_bot
2021-09-04 11:12:38,266 - Global MMS - WARNING - waiting for socket stop sending, for discord_bot
2021-09-04 11:12:38,282 - Global MMS - WARNING - waiting for socket stop sending, for discord_bot
2021-09-04 11:12:38,298 - Global MMS - WARNING - waiting for socket stop sending, for discord_bot
2021-09-04 11:12:38,314 - Global MMS - WARNING - waiting for socket stop sending, for discord_bot
2021-09-04 11:12:38,330 - Global MMS - WARNING - waiting for socket stop sending, for discord_bot
2021-09-04 11:12:38,346 - Global MMS - WARNING - waiting for socket stop sending, for discord_bot
2021-09-04 11:12:38,362 - Global MMS - WARNING - waiting for socket stop sending, for discord_bot
2021-09-04 11:12:38,378 - Global MMS - WARNING - waiting for socket stop sending, for discord_bot
2021-09-04 11:12:38,394 - Global MMS - WARNING - waiting for socket stop sending, for discord_bot
2021-09-04 11:12:38,410 - Global MMS - WARNING - waiting for socket stop sending, for discord_bot
2021-09-04 11:15:09,056 - Global MMS - DEBUG - new servermode connexion started
2021-09-04 11:15:09,056 - Global MMS - INFO - Initializing discord_bot microservice
2021-09-04 11:15:09,060 - Global MMS - DEBUG - new clientmode connexion started
2021-09-04 11:15:13,499 - Global MMS - DEBUG - new servermode connexion started
2021-09-04 11:15:13,499 - Global MMS - INFO - Initializing hypixel_api_analysis microservice
2021-09-04 11:15:13,507 - Global MMS - DEBUG - new clientmode connexion started
2021-09-04 11:15:57,383 - Global MMS - DEBUG - new servermode connexion started
2021-09-04 11:15:57,387 - Global MMS - DEBUG - new clientmode connexion started
2021-09-04 11:22:20,954 - Global MMS - DEBUG - new servermode connexion started
2021-09-04 11:22:20,958 - Global MMS - DEBUG - new clientmode connexion started
2021-09-04 11:22:25,270 - Global MMS - DEBUG - new servermode connexion started
2021-09-04 11:22:25,288 - Global MMS - DEBUG - new clientmode connexion started
2021-09-04 11:31:52,919 - Global MMS - DEBUG - new servermode connexion started
2021-09-04 11:31:52,928 - Global MMS - DEBUG - new clientmode connexion started
2021-09-04 11:32:33,699 - Global MMS - WARNING - Died dest : discord_bot asked from hypixel_api_analysis
2021-09-04 11:32:37,928 - Global MMS - WARNING - Died dest : discord_bot asked from hypixel_api_analysis
2021-09-04 11:32:42,209 - Global MMS - WARNING - Died dest : discord_bot asked from hypixel_api_analysis
2021-09-04 11:33:18,958 - Global MMS - WARNING - Died dest : discord_bot asked from hypixel_api_analysis
2021-09-04 11:33:24,546 - Global MMS - WARNING - Died dest : discord_bot asked from hypixel_api_analysis
2021-09-04 11:34:06,443 - Global MMS - WARNING - Died dest : discord_bot asked from hypixel_api_analysis
2021-09-04 11:35:06,980 - Global MMS - WARNING - Died dest : discord_bot asked from hypixel_api_analysis
2021-09-04 11:35:18,609 - Global MMS - WARNING - Died dest : discord_bot asked from hypixel_api_analysis
2021-09-04 11:35:28,497 - Global MMS - WARNING - Died dest : discord_bot asked from hypixel_api_analysis
2021-09-04 11:35:39,373 - Global MMS - WARNING - Died dest : discord_bot asked from hypixel_api_analysis
2021-09-04 11:35:56,172 - Global MMS - WARNING - Died dest : discord_bot asked from hypixel_api_analysis
2021-09-04 11:35:56,233 - Global MMS - WARNING - Died dest : discord_bot asked from hypixel_api_analysis
2021-09-04 11:36:09,916 - Global MMS - WARNING - Died dest : discord_bot asked from hypixel_api_analysis
2021-09-04 11:36:11,317 - Global MMS - WARNING - Died dest : discord_bot asked from hypixel_api_analysis
2021-09-04 11:36:11,363 - Global MMS - WARNING - Died dest : discord_bot asked from hypixel_api_analysis
2021-09-04 11:36:16,007 - Global MMS - WARNING - Died dest : discord_bot asked from hypixel_api_analysis
2021-09-04 11:36:18,842 - Global MMS - WARNING - Died dest : discord_bot asked from hypixel_api_analysis
2021-09-04 11:36:20,288 - Global MMS - WARNING - Died dest : discord_bot asked from hypixel_api_analysis
2021-09-04 11:36:22,536 - Global MMS - WARNING - Died dest : discord_bot asked from hypixel_api_analysis
2021-09-04 11:36:22,584 - Global MMS - WARNING - Died dest : discord_bot asked from hypixel_api_analysis
2021-09-04 11:36:22,629 - Global MMS - WARNING - Died dest : discord_bot asked from hypixel_api_analysis
2021-09-04 11:36:22,694 - Global MMS - WARNING - Died dest : discord_bot asked from hypixel_api_analysis
2021-09-04 11:36:37,055 - Global MMS - WARNING - Died dest : discord_bot asked from hypixel_api_analysis
2021-09-04 11:36:42,100 - Global MMS - WARNING - Died dest : discord_bot asked from hypixel_api_analysis
2021-09-04 11:36:46,301 - Global MMS - WARNING - Died dest : discord_bot asked from hypixel_api_analysis
2021-09-04 11:36:47,732 - Global MMS - WARNING - Died dest : discord_bot asked from hypixel_api_analysis
2021-09-04 11:37:18,626 - Global MMS - WARNING - Died dest : discord_bot asked from hypixel_api_analysis
2021-09-04 11:38:13,022 - Global MMS - WARNING - Died dest : discord_bot asked from hypixel_api_analysis
2021-09-04 11:38:14,595 - Global MMS - WARNING - Died dest : discord_bot asked from hypixel_api_analysis
2021-09-04 11:38:17,682 - Global MMS - WARNING - Died dest : discord_bot asked from hypixel_api_analysis
2021-09-04 11:38:22,456 - Global MMS - WARNING - Died dest : discord_bot asked from hypixel_api_analysis
2021-09-04 11:38:23,880 - Global MMS - WARNING - Died dest : discord_bot asked from hypixel_api_analysis
2021-09-04 11:38:25,381 - Global MMS - WARNING - Died dest : discord_bot asked from hypixel_api_analysis
2021-09-04 11:38:35,291 - Global MMS - WARNING - Died dest : discord_bot asked from hypixel_api_analysis
2021-09-04 11:38:35,323 - Global MMS - WARNING - Died dest : discord_bot asked from hypixel_api_analysis
2021-09-04 11:38:40,983 - Global MMS - WARNING - Died dest : discord_bot asked from hypixel_api_analysis
2021-09-04 11:38:42,836 - Global MMS - WARNING - Died dest : discord_bot asked from hypixel_api_analysis
2021-09-04 11:38:59,738 - Global MMS - WARNING - Died dest : discord_bot asked from hypixel_api_analysis
2021-09-04 11:39:34,183 - Global MMS - WARNING - Died dest : discord_bot asked from hypixel_api_analysis
2021-09-04 11:40:05,590 - Global MMS - WARNING - Died dest : discord_bot asked from hypixel_api_analysis
2021-09-04 11:40:16,085 - Global MMS - WARNING - Died dest : discord_bot asked from hypixel_api_analysis
2021-09-04 11:40:17,526 - Global MMS - WARNING - Died dest : discord_bot asked from hypixel_api_analysis
2021-09-04 11:40:39,704 - Global MMS - WARNING - Died dest : discord_bot asked from hypixel_api_analysis
2021-09-04 11:41:14,801 - Global MMS - WARNING - Died dest : discord_bot asked from hypixel_api_analysis
2021-09-04 11:41:16,257 - Global MMS - WARNING - Died dest : discord_bot asked from hypixel_api_analysis
2021-09-04 11:41:26,353 - Global MMS - WARNING - Died dest : discord_bot asked from hypixel_api_analysis
2021-09-04 11:41:44,570 - Global MMS - WARNING - Died dest : discord_bot asked from hypixel_api_analysis
2021-09-04 11:41:45,949 - Global MMS - WARNING - Died dest : discord_bot asked from hypixel_api_analysis
2021-09-04 11:41:46,043 - Global MMS - WARNING - Died dest : discord_bot asked from hypixel_api_analysis
2021-09-04 11:42:13,652 - Global MMS - WARNING - Died dest : discord_bot asked from hypixel_api_analysis
2021-09-04 11:42:17,853 - Global MMS - WARNING - Died dest : discord_bot asked from hypixel_api_analysis
2021-09-04 11:42:57,265 - Global MMS - WARNING - Died dest : discord_bot asked from hypixel_api_analysis
2021-09-04 11:43:27,253 - Global MMS - WARNING - Died dest : discord_bot asked from hypixel_api_analysis
2021-09-04 11:43:28,721 - Global MMS - WARNING - Died dest : discord_bot asked from hypixel_api_analysis
2021-09-04 11:43:32,951 - Global MMS - WARNING - Died dest : discord_bot asked from hypixel_api_analysis
2021-09-04 11:43:48,871 - Global MMS - WARNING - Died dest : discord_bot asked from hypixel_api_analysis
2021-09-04 11:44:02,538 - Global MMS - WARNING - Died dest : discord_bot asked from hypixel_api_analysis
2021-09-04 11:44:49,613 - Global MMS - WARNING - Died dest : discord_bot asked from hypixel_api_analysis
2021-09-04 11:44:52,457 - Global MMS - WARNING - Died dest : discord_bot asked from hypixel_api_analysis
2021-09-04 11:45:05,035 - Global MMS - WARNING - Died dest : discord_bot asked from hypixel_api_analysis
2021-09-04 11:45:07,891 - Global MMS - WARNING - Died dest : discord_bot asked from hypixel_api_analysis
2021-09-04 11:45:23,363 - Global MMS - WARNING - Died dest : discord_bot asked from hypixel_api_analysis
2021-09-04 11:45:26,154 - Global MMS - WARNING - Died dest : discord_bot asked from hypixel_api_analysis
2021-09-04 11:45:31,836 - Global MMS - WARNING - Died dest : discord_bot asked from hypixel_api_analysis
2021-09-04 11:45:33,279 - Global MMS - WARNING - Died dest : discord_bot asked from hypixel_api_analysis
2021-09-04 11:45:37,535 - Global MMS - WARNING - Died dest : discord_bot asked from hypixel_api_analysis
2021-09-04 11:45:58,429 - Global MMS - WARNING - Died dest : discord_bot asked from hypixel_api_analysis
2021-09-04 11:46:02,783 - Global MMS - WARNING - Died dest : discord_bot asked from hypixel_api_analysis
2021-09-04 11:46:46,642 - Global MMS - WARNING - Died dest : discord_bot asked from hypixel_api_analysis
2021-09-04 11:46:55,378 - Global MMS - WARNING - Died dest : discord_bot asked from hypixel_api_analysis
2021-09-04 11:46:56,464 - Global MMS - DEBUG - new servermode connexion started
2021-09-04 11:46:56,468 - Global MMS - DEBUG - new clientmode connexion started
2021-09-04 11:47:40,755 - Global MMS - WARNING - Died dest : discord_bot asked from hypixel_api_analysis
2021-09-04 11:47:42,182 - Global MMS - WARNING - Died dest : discord_bot asked from hypixel_api_analysis
2021-09-04 11:48:00,318 - Global MMS - WARNING - Died dest : discord_bot asked from hypixel_api_analysis
2021-09-04 11:48:03,123 - Global MMS - WARNING - Died dest : discord_bot asked from hypixel_api_analysis
2021-09-04 11:48:25,152 - Global MMS - WARNING - Died dest : discord_bot asked from hypixel_api_analysis
2021-09-04 11:48:28,805 - Global MMS - WARNING - Died dest : discord_bot asked from hypixel_api_analysis
2021-09-04 11:48:33,328 - Global MMS - WARNING - Died dest : discord_bot asked from hypixel_api_analysis
2021-09-04 11:49:12,734 - Global MMS - WARNING - Died dest : discord_bot asked from hypixel_api_analysis
2021-09-04 11:49:19,789 - Global MMS - WARNING - Died dest : discord_bot asked from hypixel_api_analysis
2021-09-04 11:49:24,193 - Global MMS - WARNING - Died dest : discord_bot asked from hypixel_api_analysis
2021-09-04 11:49:29,867 - Global MMS - WARNING - Died dest : discord_bot asked from hypixel_api_analysis
2021-09-04 11:49:31,257 - Global MMS - WARNING - Died dest : discord_bot asked from hypixel_api_analysis
2021-09-04 11:49:50,947 - Global MMS - WARNING - Died dest : discord_bot asked from hypixel_api_analysis
2021-09-04 11:49:57,986 - Global MMS - WARNING - Died dest : discord_bot asked from hypixel_api_analysis
2021-09-04 11:49:58,113 - Global MMS - WARNING - Died dest : discord_bot asked from hypixel_api_analysis
2021-09-04 11:49:59,840 - Global MMS - DEBUG - new servermode connexion started
2021-09-04 11:49:59,844 - Global MMS - DEBUG - new clientmode connexion started
2021-09-04 11:50:35,878 - Global MMS - WARNING - Died dest : discord_bot asked from hypixel_api_analysis
2021-09-04 11:51:01,329 - Global MMS - WARNING - Died dest : discord_bot asked from hypixel_api_analysis
2021-09-04 11:51:04,982 - Global MMS - DEBUG - new servermode connexion started
2021-09-04 11:51:04,987 - Global MMS - DEBUG - new clientmode connexion started
2021-09-04 11:51:25,825 - Global MMS - WARNING - Died dest : discord_bot asked from hypixel_api_analysis
2021-09-04 11:51:28,669 - Global MMS - WARNING - Died dest : discord_bot asked from hypixel_api_analysis
2021-09-04 11:51:28,763 - Global MMS - WARNING - Died dest : discord_bot asked from hypixel_api_analysis
2021-09-04 11:51:31,568 - Global MMS - WARNING - Died dest : discord_bot asked from hypixel_api_analysis
2021-09-04 11:51:34,978 - Global MMS - WARNING - Died dest : discord_bot asked from hypixel_api_analysis
2021-09-04 11:51:40,600 - Global MMS - WARNING - Died dest : discord_bot asked from hypixel_api_analysis
2021-09-04 11:51:42,592 - Global MMS - DEBUG - new servermode connexion started
2021-09-04 11:51:42,596 - Global MMS - DEBUG - new clientmode connexion started
2021-09-04 11:52:10,309 - Global MMS - WARNING - Died dest : discord_bot asked from hypixel_api_analysis
2021-09-04 11:52:16,193 - Global MMS - WARNING - Died dest : discord_bot asked from hypixel_api_analysis
2021-09-04 11:52:19,066 - Global MMS - WARNING - Died dest : discord_bot asked from hypixel_api_analysis
2021-09-04 11:52:38,070 - Global MMS - DEBUG - new servermode connexion started
2021-09-04 11:52:38,074 - Global MMS - DEBUG - new clientmode connexion started
2021-09-04 11:53:04,316 - Global MMS - WARNING - Died dest : discord_bot asked from hypixel_api_analysis
2021-09-04 11:53:07,565 - Global MMS - WARNING - Died dest : discord_bot asked from hypixel_api_analysis
2021-09-04 11:53:37,169 - Global MMS - DEBUG - new servermode connexion started
2021-09-04 11:53:37,177 - Global MMS - DEBUG - new clientmode connexion started
2021-09-04 11:54:09,552 - Global MMS - WARNING - Died dest : discord_bot asked from hypixel_api_analysis
2021-09-04 11:54:30,048 - Global MMS - DEBUG - new servermode connexion started
2021-09-04 11:54:30,053 - Global MMS - DEBUG - new clientmode connexion started
2021-09-04 11:55:28,783 - Global MMS - WARNING - Died dest : discord_bot asked from hypixel_api_analysis
2021-09-04 11:55:35,764 - Global MMS - WARNING - Died dest : discord_bot asked from hypixel_api_analysis
2021-09-04 11:55:45,653 - Global MMS - WARNING - Died dest : discord_bot asked from hypixel_api_analysis
2021-09-04 11:55:45,733 - Global MMS - WARNING - Died dest : discord_bot asked from hypixel_api_analysis
2021-09-04 11:55:48,560 - Global MMS - WARNING - Died dest : discord_bot asked from hypixel_api_analysis
2021-09-04 11:55:48,620 - Global MMS - WARNING - Died dest : discord_bot asked from hypixel_api_analysis
2021-09-04 11:55:59,152 - Global MMS - DEBUG - new servermode connexion started
2021-09-04 11:55:59,168 - Global MMS - DEBUG - new clientmode connexion started
2021-09-04 11:56:31,352 - Global MMS - WARNING - Died dest : discord_bot asked from hypixel_api_analysis
2021-09-04 11:56:38,389 - Global MMS - WARNING - Died dest : discord_bot asked from hypixel_api_analysis
2021-09-04 11:56:45,269 - Global MMS - WARNING - Died dest : discord_bot asked from hypixel_api_analysis
2021-09-04 11:56:52,291 - Global MMS - WARNING - Died dest : discord_bot asked from hypixel_api_analysis
2021-09-04 11:56:55,149 - Global MMS - DEBUG - new servermode connexion started
2021-09-04 11:56:55,154 - Global MMS - DEBUG - new clientmode connexion started
2021-09-04 11:57:28,739 - Global MMS - WARNING - Died dest : discord_bot asked from hypixel_api_analysis
2021-09-04 11:57:31,561 - Global MMS - WARNING - Died dest : discord_bot asked from hypixel_api_analysis
2021-09-04 11:57:33,014 - Global MMS - WARNING - Died dest : discord_bot asked from hypixel_api_analysis
2021-09-04 11:57:52,745 - Global MMS - WARNING - Died dest : discord_bot asked from hypixel_api_analysis
2021-09-04 11:58:02,551 - Global MMS - WARNING - Died dest : discord_bot asked from hypixel_api_analysis
2021-09-04 11:58:12,858 - Global MMS - WARNING - Died dest : discord_bot asked from hypixel_api_analysis
2021-09-04 11:58:18,295 - Global MMS - WARNING - Died dest : discord_bot asked from hypixel_api_analysis
2021-09-04 11:58:26,850 - Global MMS - WARNING - Died dest : discord_bot asked from hypixel_api_analysis
2021-09-04 11:58:32,594 - Global MMS - WARNING - Died dest : discord_bot asked from hypixel_api_analysis
2021-09-04 11:59:02,249 - Global MMS - WARNING - Died dest : discord_bot asked from hypixel_api_analysis
2021-09-04 11:59:03,641 - Global MMS - WARNING - Died dest : discord_bot asked from hypixel_api_analysis
2021-09-04 11:59:10,879 - Global MMS - WARNING - Died dest : discord_bot asked from hypixel_api_analysis
2021-09-04 11:59:25,629 - Global MMS - WARNING - Died dest : discord_bot asked from hypixel_api_analysis
2021-09-04 11:59:27,068 - Global MMS - WARNING - Died dest : discord_bot asked from hypixel_api_analysis
2021-09-04 11:59:28,507 - Global MMS - WARNING - Died dest : discord_bot asked from hypixel_api_analysis
2021-09-04 11:59:34,162 - Global MMS - WARNING - Died dest : discord_bot asked from hypixel_api_analysis
2021-09-04 11:59:41,470 - Global MMS - WARNING - Died dest : discord_bot asked from hypixel_api_analysis
2021-09-04 11:59:42,854 - Global MMS - WARNING - Died dest : discord_bot asked from hypixel_api_analysis
2021-09-04 11:59:47,202 - Global MMS - WARNING - Died dest : discord_bot asked from hypixel_api_analysis
2021-09-04 11:59:52,298 - Global MMS - WARNING - Died dest : discord_bot asked from hypixel_api_analysis
2021-09-04 11:59:54,040 - Global MMS - DEBUG - new servermode connexion started
2021-09-04 11:59:54,047 - Global MMS - DEBUG - new clientmode connexion started
2021-09-04 12:00:03,313 - Global MMS - DEBUG - new servermode connexion started
2021-09-04 12:00:03,318 - Global MMS - DEBUG - new clientmode connexion started
2021-09-04 12:00:08,290 - Global MMS - WARNING - Died dest : discord_bot asked from hypixel_api_analysis
2021-09-04 12:00:12,607 - Global MMS - WARNING - Died dest : discord_bot asked from hypixel_api_analysis
2021-09-04 12:00:20,013 - Global MMS - WARNING - Died dest : discord_bot asked from hypixel_api_analysis
2021-09-04 12:00:20,059 - Global MMS - WARNING - Died dest : discord_bot asked from hypixel_api_analysis
2021-09-04 12:00:24,337 - Global MMS - WARNING - Died dest : discord_bot asked from hypixel_api_analysis
2021-09-04 12:00:28,522 - Global MMS - WARNING - Died dest : discord_bot asked from hypixel_api_analysis
2021-09-04 12:01:15,152 - Global MMS - WARNING - Died dest : discord_bot asked from hypixel_api_analysis
2021-09-04 12:01:16,711 - Global MMS - WARNING - Died dest : discord_bot asked from hypixel_api_analysis
2021-09-04 12:01:27,367 - Global MMS - WARNING - Died dest : discord_bot asked from hypixel_api_analysis
2021-09-04 12:01:33,066 - Global MMS - WARNING - Died dest : discord_bot asked from hypixel_api_analysis
2021-09-04 12:01:38,716 - Global MMS - WARNING - Died dest : discord_bot asked from hypixel_api_analysis
2021-09-04 12:01:52,702 - Global MMS - WARNING - Died dest : discord_bot asked from hypixel_api_analysis
2021-09-04 12:01:55,799 - Global MMS - DEBUG - new servermode connexion started
2021-09-04 12:01:55,804 - Global MMS - DEBUG - new clientmode connexion started
2021-09-04 12:02:12,298 - Global MMS - WARNING - Died dest : discord_bot asked from hypixel_api_analysis
2021-09-04 12:02:21,639 - Global MMS - WARNING - Died dest : discord_bot asked from hypixel_api_analysis
2021-09-04 12:02:35,787 - Global MMS - WARNING - Died dest : discord_bot asked from hypixel_api_analysis
2021-09-04 12:02:41,440 - Global MMS - WARNING - Died dest : discord_bot asked from hypixel_api_analysis
2021-09-04 12:03:00,397 - Global MMS - DEBUG - new servermode connexion started
2021-09-04 12:03:00,402 - Global MMS - DEBUG - new clientmode connexion started
2021-09-04 12:04:03,532 - Global MMS - DEBUG - new servermode connexion started
2021-09-04 12:04:03,536 - Global MMS - DEBUG - new clientmode connexion started
2021-09-04 12:04:21,235 - Global MMS - WARNING - Died dest : discord_bot asked from hypixel_api_analysis
2021-09-04 12:04:21,282 - Global MMS - WARNING - Died dest : discord_bot asked from hypixel_api_analysis
2021-09-04 12:04:32,332 - Global MMS - WARNING - Died dest : discord_bot asked from hypixel_api_analysis
2021-09-04 12:04:42,094 - Global MMS - WARNING - Died dest : discord_bot asked from hypixel_api_analysis
2021-09-04 12:04:47,432 - Global MMS - WARNING - Died dest : discord_bot asked from hypixel_api_analysis
2021-09-04 12:05:14,809 - Global MMS - WARNING - Died dest : discord_bot asked from hypixel_api_analysis
2021-09-04 12:05:21,832 - Global MMS - WARNING - Died dest : discord_bot asked from hypixel_api_analysis
2021-09-04 12:05:24,644 - Global MMS - WARNING - Died dest : discord_bot asked from hypixel_api_analysis
2021-09-04 12:05:30,299 - Global MMS - WARNING - Died dest : discord_bot asked from hypixel_api_analysis
2021-09-04 12:05:38,797 - Global MMS - WARNING - Died dest : discord_bot asked from hypixel_api_analysis
2021-09-04 12:05:54,246 - Global MMS - WARNING - Died dest : discord_bot asked from hypixel_api_analysis
2021-09-04 12:06:01,256 - Global MMS - WARNING - Died dest : discord_bot asked from hypixel_api_analysis
2021-09-04 12:06:01,336 - Global MMS - WARNING - Died dest : discord_bot asked from hypixel_api_analysis
2021-09-04 12:06:11,144 - Global MMS - WARNING - Died dest : discord_bot asked from hypixel_api_analysis
2021-09-04 12:06:18,636 - Global MMS - WARNING - Died dest : discord_bot asked from hypixel_api_analysis
2021-09-04 12:06:24,356 - Global MMS - WARNING - Died dest : discord_bot asked from hypixel_api_analysis
2021-09-04 12:06:42,547 - Global MMS - WARNING - Died dest : discord_bot asked from hypixel_api_analysis
2021-09-04 12:06:51,071 - Global MMS - WARNING - Died dest : discord_bot asked from hypixel_api_analysis
2021-09-04 12:07:26,470 - Global MMS - WARNING - Died dest : discord_bot asked from hypixel_api_analysis
2021-09-04 12:07:33,372 - Global MMS - WARNING - Died dest : discord_bot asked from hypixel_api_analysis
2021-09-04 12:07:56,869 - Global MMS - WARNING - Died dest : discord_bot asked from hypixel_api_analysis
2021-09-04 12:08:08,082 - Global MMS - WARNING - Died dest : discord_bot asked from hypixel_api_analysis
2021-09-04 12:08:35,030 - Global MMS - WARNING - Died dest : discord_bot asked from hypixel_api_analysis
2021-09-04 12:08:53,262 - Global MMS - WARNING - Died dest : discord_bot asked from hypixel_api_analysis
2021-09-04 12:09:11,606 - Global MMS - WARNING - Died dest : discord_bot asked from hypixel_api_analysis
2021-09-04 12:09:13,182 - Global MMS - WARNING - Died dest : discord_bot asked from hypixel_api_analysis
2021-09-04 12:09:18,131 - Global MMS - WARNING - Died dest : discord_bot asked from hypixel_api_analysis
2021-09-04 12:09:22,411 - Global MMS - WARNING - Died dest : discord_bot asked from hypixel_api_analysis
2021-09-04 12:09:28,172 - Global MMS - WARNING - Died dest : discord_bot asked from hypixel_api_analysis
2021-09-04 12:09:30,945 - Global MMS - WARNING - Died dest : discord_bot asked from hypixel_api_analysis
2021-09-04 12:09:57,991 - Global MMS - WARNING - Died dest : discord_bot asked from hypixel_api_analysis
2021-09-04 12:10:10,610 - Global MMS - WARNING - Died dest : discord_bot asked from hypixel_api_analysis
2021-09-04 12:10:15,636 - Global MMS - DEBUG - new servermode connexion started
2021-09-04 12:10:15,636 - Global MMS - INFO - Initializing discord_bot microservice
2021-09-04 12:10:15,641 - Global MMS - DEBUG - new clientmode connexion started
2021-09-04 12:10:20,577 - Global MMS - DEBUG - new servermode connexion started
2021-09-04 12:10:20,578 - Global MMS - INFO - Initializing hypixel_api_analysis microservice
2021-09-04 12:10:20,588 - Global MMS - DEBUG - new clientmode connexion started
2021-09-04 12:11:12,353 - Global MMS - DEBUG - new servermode connexion started
2021-09-04 12:11:12,377 - Global MMS - DEBUG - new clientmode connexion started
2021-09-05 10:35:27,453 - Global MMS - DEBUG - new servermode connexion started
2021-09-05 10:35:27,453 - Global MMS - INFO - Initializing hypixel_api_analysis microservice
2021-09-05 10:35:27,463 - Global MMS - ERROR - Bad destination name : discord_bot from hypixel_api_analysis
2021-09-05 10:35:27,467 - Global MMS - DEBUG - new clientmode connexion started
2021-09-05 10:35:27,477 - Global MMS - ERROR - Bad destination name : discord_bot from hypixel_api_analysis
2021-09-05 10:35:31,237 - Global MMS - DEBUG - new servermode connexion started
2021-09-05 10:35:31,237 - Global MMS - INFO - Initializing discord_bot microservice
2021-09-05 10:35:31,243 - Global MMS - DEBUG - new clientmode connexion started
2021-09-05 10:37:21,404 - Global MMS - DEBUG - new servermode connexion started
2021-09-05 10:37:21,409 - Global MMS - DEBUG - new clientmode connexion started
2021-09-05 10:37:26,503 - Global MMS - DEBUG - new servermode connexion started
2021-09-05 10:37:26,522 - Global MMS - DEBUG - new clientmode connexion started
2021-09-05 11:29:14,732 - Global MMS - DEBUG - new servermode connexion started
2021-09-05 11:29:14,743 - Global MMS - DEBUG - new clientmode connexion started
2021-09-05 11:40:32,198 - Global MMS - DEBUG - new servermode connexion started
2021-09-05 11:40:32,216 - Global MMS - DEBUG - new clientmode connexion started
2021-09-05 17:25:54,175 - Global MMS - DEBUG - new servermode connexion started
2021-09-05 17:25:54,175 - Global MMS - INFO - Initializing discord_bot microservice
2021-09-05 17:25:54,181 - Global MMS - DEBUG - new clientmode connexion started
2021-09-05 17:25:59,117 - Global MMS - DEBUG - new servermode connexion started
2021-09-05 17:25:59,117 - Global MMS - INFO - Initializing hypixel_api_analysis microservice
2021-09-05 17:25:59,137 - Global MMS - DEBUG - new clientmode connexion started
2021-09-05 18:39:51,128 - Global MMS - DEBUG - new servermode connexion started
2021-09-05 18:39:51,129 - Global MMS - INFO - Initializing discord_bot microservice
2021-09-05 18:39:51,133 - Global MMS - DEBUG - new clientmode connexion started
2021-09-05 18:39:55,493 - Global MMS - DEBUG - new servermode connexion started
2021-09-05 18:39:55,493 - Global MMS - INFO - Initializing hypixel_api_analysis microservice
2021-09-05 18:39:55,510 - Global MMS - DEBUG - new clientmode connexion started
2021-09-06 08:27:53,610 - Global MMS - DEBUG - new servermode connexion started
2021-09-06 08:27:53,610 - Global MMS - INFO - Initializing hypixel_api_analysis microservice
2021-09-06 08:27:53,629 - Global MMS - ERROR - Bad destination name : discord_bot from hypixel_api_analysis
2021-09-06 08:27:53,634 - Global MMS - DEBUG - new clientmode connexion started
2021-09-06 08:27:53,644 - Global MMS - ERROR - Bad destination name : discord_bot from hypixel_api_analysis
2021-09-06 08:29:34,217 - Global MMS - DEBUG - new servermode connexion started
2021-09-06 08:29:34,237 - Global MMS - ERROR - Bad destination name : discord_bot from hypixel_api_analysis
2021-09-06 08:29:34,242 - Global MMS - DEBUG - new clientmode connexion started
2021-09-06 08:29:34,254 - Global MMS - ERROR - Bad destination name : discord_bot from hypixel_api_analysis
2021-09-06 08:31:10,389 - Global MMS - DEBUG - new servermode connexion started
2021-09-06 08:31:10,403 - Global MMS - ERROR - Bad destination name : discord_bot from hypixel_api_analysis
2021-09-06 08:31:10,408 - Global MMS - DEBUG - new clientmode connexion started
2021-09-06 08:31:10,420 - Global MMS - ERROR - Bad destination name : discord_bot from hypixel_api_analysis
2021-09-06 08:32:54,348 - Global MMS - ERROR - Bad destination name : discord_bot from hypixel_api_analysis
2021-09-06 08:34:30,251 - Global MMS - ERROR - Bad destination name : discord_bot from hypixel_api_analysis
2021-09-06 08:35:45,820 - Global MMS - DEBUG - new servermode connexion started
2021-09-06 08:35:45,831 - Global MMS - ERROR - Bad destination name : discord_bot from hypixel_api_analysis
2021-09-06 08:35:45,836 - Global MMS - DEBUG - new clientmode connexion started
2021-09-06 08:35:45,846 - Global MMS - ERROR - Bad destination name : discord_bot from hypixel_api_analysis
2021-09-06 08:37:30,769 - Global MMS - ERROR - Bad destination name : discord_bot from hypixel_api_analysis
2021-09-06 08:39:03,501 - Global MMS - ERROR - Bad destination name : discord_bot from hypixel_api_analysis
2021-09-06 08:40:36,022 - Global MMS - ERROR - Bad destination name : discord_bot from hypixel_api_analysis
2021-09-06 08:41:25,141 - Global MMS - DEBUG - new servermode connexion started
2021-09-06 08:41:25,160 - Global MMS - ERROR - Bad destination name : discord_bot from hypixel_api_analysis
2021-09-06 08:41:25,165 - Global MMS - DEBUG - new clientmode connexion started
2021-09-06 08:41:25,178 - Global MMS - ERROR - Bad destination name : discord_bot from hypixel_api_analysis
2021-09-06 08:43:09,181 - Global MMS - ERROR - Bad destination name : discord_bot from hypixel_api_analysis
2021-09-06 08:44:42,135 - Global MMS - ERROR - Bad destination name : discord_bot from hypixel_api_analysis
2021-09-06 08:45:57,594 - Global MMS - DEBUG - new servermode connexion started
2021-09-06 08:45:57,603 - Global MMS - ERROR - Bad destination name : discord_bot from hypixel_api_analysis
2021-09-06 08:45:57,606 - Global MMS - DEBUG - new clientmode connexion started
2021-09-06 08:45:57,619 - Global MMS - ERROR - Bad destination name : discord_bot from hypixel_api_analysis
2021-09-06 08:47:54,249 - Global MMS - DEBUG - new servermode connexion started
2021-09-06 08:47:54,270 - Global MMS - ERROR - Bad destination name : discord_bot from hypixel_api_analysis
2021-09-06 08:47:54,274 - Global MMS - DEBUG - new clientmode connexion started
2021-09-06 08:47:54,575 - Global MMS - ERROR - Bad destination name : discord_bot from hypixel_api_analysis
2021-09-06 08:48:35,871 - Global MMS - DEBUG - new servermode connexion started
2021-09-06 08:48:35,876 - Global MMS - ERROR - Bad destination name : discord_bot from hypixel_api_analysis
2021-09-06 08:48:35,881 - Global MMS - DEBUG - new clientmode connexion started
2021-09-06 08:48:35,909 - Global MMS - ERROR - Bad destination name : discord_bot from hypixel_api_analysis
2021-09-06 08:49:33,028 - Global MMS - DEBUG - new servermode connexion started
2021-09-06 08:49:33,048 - Global MMS - ERROR - Bad destination name : discord_bot from hypixel_api_analysis
2021-09-06 08:49:33,053 - Global MMS - DEBUG - new clientmode connexion started
2021-09-06 08:49:33,081 - Global MMS - ERROR - Bad destination name : discord_bot from hypixel_api_analysis
2021-09-06 08:50:46,498 - Global MMS - DEBUG - new servermode connexion started
2021-09-06 08:50:46,511 - Global MMS - ERROR - Bad destination name : discord_bot from hypixel_api_analysis
2021-09-06 08:50:46,516 - Global MMS - DEBUG - new clientmode connexion started
2021-09-06 08:50:46,544 - Global MMS - ERROR - Bad destination name : discord_bot from hypixel_api_analysis
2021-09-06 08:52:49,097 - Global MMS - DEBUG - new servermode connexion started
2021-09-06 08:52:49,115 - Global MMS - ERROR - Bad destination name : discord_bot from hypixel_api_analysis
2021-09-06 08:52:49,120 - Global MMS - DEBUG - new clientmode connexion started
2021-09-06 08:52:49,147 - Global MMS - ERROR - Bad destination name : discord_bot from hypixel_api_analysis
2021-09-06 09:06:25,746 - Global MMS - DEBUG - new servermode connexion started
2021-09-06 09:06:25,755 - Global MMS - ERROR - Bad destination name : discord_bot from hypixel_api_analysis
2021-09-06 09:06:25,760 - Global MMS - DEBUG - new clientmode connexion started
2021-09-06 09:06:25,787 - Global MMS - ERROR - Bad destination name : discord_bot from hypixel_api_analysis
2021-09-06 09:08:11,719 - Global MMS - ERROR - Bad destination name : discord_bot from hypixel_api_analysis
2021-09-08 18:22:15,101 - Global MMS - DEBUG - new servermode connexion started
2021-09-08 18:22:15,101 - Global MMS - INFO - Initializing discord_bot microservice
2021-09-08 18:22:15,110 - Global MMS - DEBUG - new clientmode connexion started
2021-09-08 18:22:19,787 - Global MMS - DEBUG - new servermode connexion started
2021-09-08 18:22:19,787 - Global MMS - INFO - Initializing hypixel_api_analysis microservice
2021-09-08 18:22:19,797 - Global MMS - DEBUG - new clientmode connexion started
2021-09-08 18:24:19,147 - Global MMS - DEBUG - new servermode connexion started
2021-09-08 18:24:19,164 - Global MMS - DEBUG - new clientmode connexion started
2021-09-08 18:35:22,119 - Global MMS - DEBUG - new servermode connexion started
2021-09-08 18:35:22,142 - Global MMS - DEBUG - new clientmode connexion started
2021-09-08 18:36:15,389 - Global MMS - DEBUG - new servermode connexion started
2021-09-08 18:36:15,409 - Global MMS - DEBUG - new clientmode connexion started
2021-09-08 18:37:04,232 - Global MMS - DEBUG - new servermode connexion started
2021-09-08 18:37:04,242 - Global MMS - DEBUG - new clientmode connexion started
2021-09-08 18:46:56,009 - Global MMS - DEBUG - new servermode connexion started
2021-09-08 18:46:56,009 - Global MMS - INFO - Initializing hypixel_api_analysis microservice
2021-09-08 18:46:56,021 - Global MMS - ERROR - Bad destination name : discord_bot from hypixel_api_analysis
2021-09-08 18:46:56,026 - Global MMS - DEBUG - new clientmode connexion started
2021-09-08 18:46:56,051 - Global MMS - ERROR - Bad destination name : discord_bot from hypixel_api_analysis
2021-09-08 18:47:01,187 - Global MMS - DEBUG - new servermode connexion started
2021-09-08 18:47:01,187 - Global MMS - INFO - Initializing discord_bot microservice
2021-09-08 18:47:01,192 - Global MMS - DEBUG - new clientmode connexion started
2021-09-08 18:48:15,491 - Global MMS - WARNING - Error when sending data (socket closed ?) to : discord_bot asked from hypixel_api_analysis
stonks_alert {"intervalls_used": [1800.0, 1800.0], "absolute_profitability": 70000, "relative_profitability": 0.21212121212121215, "full_estimation": 400000, "buy_price": 330000, "lowest_bins": [330000, 330000, 450000], "potential_resell_price": 400000, "item_data": {"dungeon_item_which_can_be_drop_enchanted": false, "name": "Robotron Reflector", "tier": "RARE", "item_only": {"estimation": 400000, "sold_amount": [200000.0, 200000.0]}}, "seller_uuid": "5ac3a5cd91604603a8b2503d35d122f3", "auction_uuid": "70ffdea205c64d578c8ccf9fca10cb47", "trust_rate": 1.0606060606060606, "request_id": "H1631119625.582"}
2021-09-08 18:48:16,386 - Global MMS - DEBUG - new servermode connexion started
2021-09-08 18:48:16,391 - Global MMS - DEBUG - new clientmode connexion started
2021-09-08 18:49:19,348 - Global MMS - DEBUG - new servermode connexion started
2021-09-08 18:49:19,369 - Global MMS - DEBUG - new clientmode connexion started
2021-09-08 18:51:17,232 - Global MMS - WARNING - Died dest : discord_bot asked from hypixel_api_analysis
2021-09-08 18:51:17,248 - Global MMS - WARNING - Died dest : discord_bot asked from hypixel_api_analysis
2021-09-08 18:51:17,262 - Global MMS - WARNING - Died dest : discord_bot asked from hypixel_api_analysis
2021-09-08 18:51:17,278 - Global MMS - WARNING - Died dest : discord_bot asked from hypixel_api_analysis
2021-09-08 18:51:17,293 - Global MMS - WARNING - Died dest : discord_bot asked from hypixel_api_analysis
2021-09-08 18:51:17,309 - Global MMS - WARNING - Died dest : discord_bot asked from hypixel_api_analysis
2021-09-08 18:51:17,325 - Global MMS - WARNING - Died dest : discord_bot asked from hypixel_api_analysis
2021-09-08 18:51:17,342 - Global MMS - WARNING - Died dest : discord_bot asked from hypixel_api_analysis
2021-09-08 18:51:17,356 - Global MMS - WARNING - Died dest : discord_bot asked from hypixel_api_analysis
2021-09-08 18:51:17,372 - Global MMS - WARNING - Died dest : discord_bot asked from hypixel_api_analysis
2021-09-08 18:51:17,387 - Global MMS - WARNING - Died dest : discord_bot asked from hypixel_api_analysis
2021-09-08 18:51:17,402 - Global MMS - WARNING - Died dest : discord_bot asked from hypixel_api_analysis
2021-09-08 18:51:17,417 - Global MMS - WARNING - Died dest : discord_bot asked from hypixel_api_analysis
2021-09-08 18:51:17,432 - Global MMS - WARNING - Died dest : discord_bot asked from hypixel_api_analysis
2021-09-08 18:51:17,448 - Global MMS - WARNING - Died dest : discord_bot asked from hypixel_api_analysis
2021-09-08 18:51:17,463 - Global MMS - WARNING - Died dest : discord_bot asked from hypixel_api_analysis
2021-09-08 18:51:17,479 - Global MMS - WARNING - Died dest : discord_bot asked from hypixel_api_analysis
2021-09-08 18:51:17,494 - Global MMS - WARNING - Died dest : discord_bot asked from hypixel_api_analysis
2021-09-08 18:51:17,509 - Global MMS - WARNING - Died dest : discord_bot asked from hypixel_api_analysis
2021-09-08 18:51:17,524 - Global MMS - WARNING - Died dest : discord_bot asked from hypixel_api_analysis
2021-09-08 18:51:17,540 - Global MMS - WARNING - Died dest : discord_bot asked from hypixel_api_analysis
2021-09-08 18:51:17,555 - Global MMS - WARNING - Died dest : discord_bot asked from hypixel_api_analysis
2021-09-08 18:51:17,571 - Global MMS - WARNING - Died dest : discord_bot asked from hypixel_api_analysis
2021-09-08 18:51:17,587 - Global MMS - WARNING - Died dest : discord_bot asked from hypixel_api_analysis
2021-09-08 18:51:17,601 - Global MMS - WARNING - Died dest : discord_bot asked from hypixel_api_analysis
2021-09-08 18:51:17,617 - Global MMS - WARNING - Died dest : discord_bot asked from hypixel_api_analysis
2021-09-08 18:51:17,633 - Global MMS - WARNING - Died dest : discord_bot asked from hypixel_api_analysis
2021-09-08 18:51:17,649 - Global MMS - WARNING - Died dest : discord_bot asked from hypixel_api_analysis
2021-09-08 18:51:17,665 - Global MMS - WARNING - Died dest : discord_bot asked from hypixel_api_analysis
2021-09-08 18:51:17,681 - Global MMS - WARNING - Died dest : discord_bot asked from hypixel_api_analysis
2021-09-08 18:51:17,696 - Global MMS - WARNING - Died dest : discord_bot asked from hypixel_api_analysis
2021-09-08 18:51:19,134 - Global MMS - WARNING - Died dest : discord_bot asked from hypixel_api_analysis
2021-09-08 18:51:57,357 - Global MMS - WARNING - Died dest : discord_bot asked from hypixel_api_analysis
2021-09-08 18:52:32,554 - Global MMS - DEBUG - new servermode connexion started
2021-09-08 18:52:32,560 - Global MMS - DEBUG - new clientmode connexion started
2021-09-08 18:55:20,353 - Global MMS - DEBUG - new servermode connexion started
2021-09-08 18:55:20,357 - Global MMS - DEBUG - new clientmode connexion started
2021-09-08 18:55:24,871 - Global MMS - DEBUG - new servermode connexion started
2021-09-08 18:55:24,887 - Global MMS - DEBUG - new clientmode connexion started
2021-09-08 19:01:41,280 - Global MMS - DEBUG - new servermode connexion started
2021-09-08 19:01:41,286 - Global MMS - DEBUG - new clientmode connexion started
2021-09-08 19:01:43,304 - Global MMS - DEBUG - new servermode connexion started
2021-09-08 19:01:43,326 - Global MMS - DEBUG - new clientmode connexion started
2021-09-08 19:03:34,256 - Global MMS - DEBUG - new servermode connexion started
2021-09-08 19:03:34,262 - Global MMS - DEBUG - new clientmode connexion started
2021-09-08 19:03:58,441 - Global MMS - WARNING - Died dest : discord_bot asked from hypixel_api_analysis
2021-09-08 19:04:04,003 - Global MMS - WARNING - Died dest : discord_bot asked from hypixel_api_analysis
2021-09-08 19:04:04,018 - Global MMS - WARNING - Died dest : discord_bot asked from hypixel_api_analysis
2021-09-08 19:04:04,034 - Global MMS - WARNING - Died dest : discord_bot asked from hypixel_api_analysis
2021-09-08 19:04:04,050 - Global MMS - WARNING - Died dest : discord_bot asked from hypixel_api_analysis
2021-09-08 19:04:04,066 - Global MMS - WARNING - Died dest : discord_bot asked from hypixel_api_analysis
2021-09-08 19:04:04,082 - Global MMS - WARNING - Died dest : discord_bot asked from hypixel_api_analysis
2021-09-08 19:04:04,098 - Global MMS - WARNING - Died dest : discord_bot asked from hypixel_api_analysis
2021-09-08 19:04:04,113 - Global MMS - WARNING - Died dest : discord_bot asked from hypixel_api_analysis
2021-09-08 19:04:04,129 - Global MMS - WARNING - Died dest : discord_bot asked from hypixel_api_analysis
2021-09-08 19:04:04,144 - Global MMS - WARNING - Died dest : discord_bot asked from hypixel_api_analysis
2021-09-08 19:04:04,160 - Global MMS - WARNING - Died dest : discord_bot asked from hypixel_api_analysis
2021-09-08 19:04:04,176 - Global MMS - WARNING - Died dest : discord_bot asked from hypixel_api_analysis
2021-09-08 19:04:04,192 - Global MMS - WARNING - Died dest : discord_bot asked from hypixel_api_analysis
2021-09-08 19:04:04,209 - Global MMS - WARNING - Died dest : discord_bot asked from hypixel_api_analysis
2021-09-08 19:04:04,225 - Global MMS - WARNING - Died dest : discord_bot asked from hypixel_api_analysis
2021-09-08 19:04:04,240 - Global MMS - WARNING - Died dest : discord_bot asked from hypixel_api_analysis
2021-09-08 19:04:04,256 - Global MMS - WARNING - Died dest : discord_bot asked from hypixel_api_analysis
2021-09-08 19:04:04,273 - Global MMS - WARNING - Died dest : discord_bot asked from hypixel_api_analysis
2021-09-08 19:04:04,289 - Global MMS - WARNING - Died dest : discord_bot asked from hypixel_api_analysis
2021-09-08 19:04:04,304 - Global MMS - WARNING - Died dest : discord_bot asked from hypixel_api_analysis
2021-09-08 19:04:04,320 - Global MMS - WARNING - Died dest : discord_bot asked from hypixel_api_analysis
2021-09-08 19:04:04,337 - Global MMS - WARNING - Died dest : discord_bot asked from hypixel_api_analysis
2021-09-08 19:04:04,351 - Global MMS - WARNING - Died dest : discord_bot asked from hypixel_api_analysis
2021-09-08 19:04:04,366 - Global MMS - WARNING - Died dest : discord_bot asked from hypixel_api_analysis
2021-09-08 19:04:04,382 - Global MMS - WARNING - Died dest : discord_bot asked from hypixel_api_analysis
2021-09-08 19:04:04,397 - Global MMS - WARNING - Died dest : discord_bot asked from hypixel_api_analysis
2021-09-08 19:04:04,412 - Global MMS - WARNING - Died dest : discord_bot asked from hypixel_api_analysis
2021-09-08 19:04:04,428 - Global MMS - WARNING - Died dest : discord_bot asked from hypixel_api_analysis
2021-09-08 19:04:04,442 - Global MMS - WARNING - Died dest : discord_bot asked from hypixel_api_analysis
2021-09-08 19:04:05,766 - Global MMS - WARNING - Died dest : discord_bot asked from hypixel_api_analysis
2021-09-08 19:04:19,530 - Global MMS - WARNING - Died dest : discord_bot asked from hypixel_api_analysis
2021-09-08 19:04:21,119 - Global MMS - WARNING - Died dest : discord_bot asked from hypixel_api_analysis
2021-09-08 19:04:23,182 - Global MMS - DEBUG - new servermode connexion started
2021-09-08 19:04:23,187 - Global MMS - DEBUG - new clientmode connexion started
2021-09-08 19:04:26,640 - Global MMS - WARNING - Died dest : discord_bot asked from hypixel_api_analysis
2021-09-08 19:04:28,102 - Global MMS - WARNING - Died dest : discord_bot asked from hypixel_api_analysis
2021-09-08 19:04:37,022 - Global MMS - WARNING - Died dest : discord_bot asked from hypixel_api_analysis
2021-09-08 19:04:37,134 - Global MMS - WARNING - Died dest : discord_bot asked from hypixel_api_analysis
2021-09-08 19:04:41,537 - Global MMS - WARNING - Died dest : discord_bot asked from hypixel_api_analysis
2021-09-08 19:04:46,146 - Global MMS - WARNING - Died dest : discord_bot asked from hypixel_api_analysis
2021-09-08 19:05:09,411 - Global MMS - WARNING - Died dest : discord_bot asked from hypixel_api_analysis
2021-09-08 19:05:15,088 - Global MMS - WARNING - Died dest : discord_bot asked from hypixel_api_analysis
2021-09-08 19:05:25,950 - Global MMS - WARNING - Died dest : discord_bot asked from hypixel_api_analysis
2021-09-08 19:05:29,458 - Global MMS - WARNING - Died dest : discord_bot asked from hypixel_api_analysis
2021-09-08 19:05:32,405 - Global MMS - WARNING - Died dest : discord_bot asked from hypixel_api_analysis
2021-09-08 19:05:33,964 - Global MMS - WARNING - Died dest : discord_bot asked from hypixel_api_analysis
2021-09-08 19:05:35,471 - Global MMS - WARNING - Died dest : discord_bot asked from hypixel_api_analysis
2021-09-08 19:05:38,417 - Global MMS - WARNING - Died dest : discord_bot asked from hypixel_api_analysis
2021-09-08 19:05:42,717 - Global MMS - WARNING - Died dest : discord_bot asked from hypixel_api_analysis
2021-09-08 19:05:48,818 - Global MMS - DEBUG - new servermode connexion started
2021-09-08 19:05:48,823 - Global MMS - DEBUG - new clientmode connexion started
2021-09-08 19:07:51,932 - Global MMS - DEBUG - new servermode connexion started
2021-09-08 19:07:51,933 - Global MMS - INFO - Initializing discord_bot microservice
2021-09-08 19:07:51,937 - Global MMS - DEBUG - new clientmode connexion started
2021-09-08 19:08:06,368 - Global MMS - DEBUG - new servermode connexion started
2021-09-08 19:08:06,368 - Global MMS - INFO - Initializing hypixel_api_analysis microservice
2021-09-08 19:08:06,386 - Global MMS - DEBUG - new clientmode connexion started
2021-09-08 19:08:29,081 - Global MMS - WARNING - Died dest : discord_bot asked from hypixel_api_analysis
2021-09-08 19:08:30,630 - Global MMS - WARNING - Died dest : discord_bot asked from hypixel_api_analysis
2021-09-08 19:08:34,617 - Global MMS - WARNING - Died dest : discord_bot asked from hypixel_api_analysis
2021-09-08 19:08:42,157 - Global MMS - WARNING - Died dest : discord_bot asked from hypixel_api_analysis
2021-09-08 19:08:48,096 - Global MMS - DEBUG - new servermode connexion started
2021-09-08 19:08:48,104 - Global MMS - WARNING - Died dest : discord_bot asked from hypixel_api_analysis
2021-09-08 19:08:48,109 - Global MMS - DEBUG - new clientmode connexion started
2021-09-08 19:08:48,134 - Global MMS - WARNING - Died dest : discord_bot asked from hypixel_api_analysis
2021-09-08 19:08:50,786 - Global MMS - WARNING - Died dest : discord_bot asked from hypixel_api_analysis
2021-09-08 19:08:57,027 - Global MMS - WARNING - Died dest : discord_bot asked from hypixel_api_analysis
2021-09-08 19:09:24,116 - Global MMS - DEBUG - new servermode connexion started
2021-09-08 19:09:24,129 - Global MMS - WARNING - Died dest : discord_bot asked from hypixel_api_analysis
2021-09-08 19:09:24,134 - Global MMS - DEBUG - new clientmode connexion started
2021-09-08 19:09:24,159 - Global MMS - WARNING - Died dest : discord_bot asked from hypixel_api_analysis
2021-09-08 19:09:26,832 - Global MMS - WARNING - Died dest : discord_bot asked from hypixel_api_analysis
2021-09-08 19:09:30,457 - Global MMS - WARNING - Died dest : discord_bot asked from hypixel_api_analysis
2021-09-08 19:09:40,377 - Global MMS - WARNING - Died dest : discord_bot asked from hypixel_api_analysis
2021-09-08 19:11:30,338 - Global MMS - DEBUG - new servermode connexion started
2021-09-08 19:11:30,339 - Global MMS - INFO - Initializing discord_bot microservice
2021-09-08 19:11:30,344 - Global MMS - DEBUG - new clientmode connexion started
2021-09-08 19:11:34,907 - Global MMS - DEBUG - new servermode connexion started
2021-09-08 19:11:34,907 - Global MMS - INFO - Initializing hypixel_api_analysis microservice
2021-09-08 19:11:34,921 - Global MMS - DEBUG - new clientmode connexion started
2021-09-08 19:13:50,649 - Global MMS - DEBUG - new servermode connexion started
2021-09-08 19:13:50,649 - Global MMS - INFO - Initializing hypixel_api_analysis microservice
2021-09-08 19:13:50,671 - Global MMS - ERROR - Bad destination name : discord_bot from hypixel_api_analysis
2021-09-08 19:13:50,676 - Global MMS - DEBUG - new clientmode connexion started
2021-09-08 19:13:50,717 - Global MMS - ERROR - Bad destination name : discord_bot from hypixel_api_analysis
2021-09-08 19:13:52,140 - Global MMS - ERROR - Bad destination name : discord_bot from hypixel_api_analysis
2021-09-08 19:13:54,308 - Global MMS - DEBUG - new servermode connexion started
2021-09-08 19:13:54,308 - Global MMS - INFO - Initializing discord_bot microservice
2021-09-08 19:13:54,313 - Global MMS - DEBUG - new clientmode connexion started
2021-09-08 19:15:49,807 - Global MMS - DEBUG - new servermode connexion started
2021-09-08 19:15:49,807 - Global MMS - INFO - Initializing discord_bot microservice
2021-09-08 19:15:49,812 - Global MMS - DEBUG - new clientmode connexion started
2021-09-08 19:15:53,396 - Global MMS - DEBUG - new servermode connexion started
2021-09-08 19:15:53,396 - Global MMS - INFO - Initializing hypixel_api_analysis microservice
2021-09-08 19:15:53,409 - Global MMS - DEBUG - new clientmode connexion started
2021-09-08 19:17:34,211 - Global MMS - WARNING - Died dest : discord_bot asked from hypixel_api_analysis
2021-09-08 19:17:40,024 - Global MMS - WARNING - Died dest : discord_bot asked from hypixel_api_analysis
2021-09-08 19:17:46,562 - Global MMS - WARNING - Died dest : discord_bot asked from hypixel_api_analysis
2021-09-08 19:17:51,297 - Global MMS - DEBUG - new servermode connexion started
2021-09-08 19:17:51,302 - Global MMS - DEBUG - new clientmode connexion started
2021-09-08 19:26:28,053 - Global MMS - DEBUG - new servermode connexion started
2021-09-08 19:26:28,054 - Global MMS - INFO - Initializing discord_bot microservice
2021-09-08 19:26:28,058 - Global MMS - DEBUG - new clientmode connexion started
2021-09-08 20:16:31,028 - Global MMS - DEBUG - new servermode connexion started
2021-09-08 20:16:31,029 - Global MMS - INFO - Initializing hypixel_api_analysis microservice
2021-09-08 20:16:31,048 - Global MMS - DEBUG - new clientmode connexion started
2021-09-08 20:28:39,427 - Global MMS - DEBUG - new servermode connexion started
2021-09-08 20:28:39,451 - Global MMS - DEBUG - new clientmode connexion started
